---- diagramas/RDM-2-3-2-4-2-5-2-6.puml
(0.000 - 126 Mo) 119 Mo - PlantUML Version 1.2020.02
(0.014 - 126 Mo) 119 Mo - GraphicsEnvironment.isHeadless() false
(0.014 - 126 Mo) 119 Mo - Forcing resource load on OpenJdk
(0.090 - 126 Mo) 118 Mo - Found 1 files
(0.091 - 126 Mo) 118 Mo - Working on /home/walber/Projetos/2025/MESTRADO-2025-2/cmmi-rdm-mestrado/diagramas/RDM-2-3-2-4-2-5-2-6.puml
(0.124 - 126 Mo) 117 Mo - Setting current dir: .
(0.124 - 126 Mo) 117 Mo - Setting current dir: /home/walber/Projetos/2025/MESTRADO-2025-2/cmmi-rdm-mestrado/diagramas
(0.124 - 126 Mo) 117 Mo - Using default charset
(0.130 - 126 Mo) 116 Mo - Reading from RDM-2-3-2-4-2-5-2-6.puml
(0.191 - 126 Mo) 114 Mo - Reading file: diagramas/RDM-2-3-2-4-2-5-2-6.puml
(0.192 - 126 Mo) 114 Mo - name from block=RDM-2-3-2-4-2-5-2-6
(0.192 - 126 Mo) 114 Mo - Checking=RDM-2-3-2-4-2-5-2-6
(0.192 - 126 Mo) 114 Mo - f=RDM-2-3-2-4-2-5-2-6
(0.192 - 126 Mo) 114 Mo - Relative, so let's change it
(0.192 - 126 Mo) 114 Mo - f=/home/walber/Projetos/2025/MESTRADO-2025-2/cmmi-rdm-mestrado/diagramas/RDM-2-3-2-4-2-5-2-6
(0.192 - 126 Mo) 114 Mo - It's not a directory
(0.192 - 126 Mo) 114 Mo - RDM-2-3-2-4-2-5-2-6 is not taken as a directory
(0.193 - 126 Mo) 114 Mo - We are going to put data in /home/walber/Projetos/2025/MESTRADO-2025-2/cmmi-rdm-mestrado/diagramas/RDM-2-3-2-4-2-5-2-6[0]
(0.411 - 126 Mo) 109 Mo - Compilation duration 217
(0.412 - 126 Mo) 109 Mo - Regex total/invoked/compiled 178/173/103
(0.412 - 126 Mo) 109 Mo - Matches created 67
(0.413 - 126 Mo) 109 Mo - Creating file: /home/walber/Projetos/2025/MESTRADO-2025-2/cmmi-rdm-mestrado/diagramas/RDM-2-3-2-4-2-5-2-6.png
(0.913 - 126 Mo) 97 Mo - Creating image 2007x1500
(1.080 - 126 Mo) 71 Mo - Ok for com.sun.imageio.plugins.png.PNGMetadata
(1.081 - 126 Mo) 71 Mo - Cannot create com.sun.imageio.plugins.png.PNGMetadata
(1.260 - 126 Mo) 71 Mo - Number of image(s): 1
